<?xml version="1.0" encoding="UTF-8"?>
<testng-results ignored="0" total="2" passed="2" failed="0" skipped="0">
  <reporter-output>
  </reporter-output>
  <suite started-at="2022-08-04T16:53:32 CEST" name="Suite" finished-at="2022-08-04T16:53:41 CEST" duration-ms="9028">
    <groups>
    </groups>
    <test started-at="2022-08-04T16:53:32 CEST" name="Test" finished-at="2022-08-04T16:53:41 CEST" duration-ms="9028">
      <class name="basicTest.PrintProgram">
        <test-method signature="print()[pri:0, instance:basicTest.PrintProgram@791f145a]" started-at="2022-08-04T16:53:32 CEST" name="print" finished-at="2022-08-04T16:53:32 CEST" duration-ms="74" status="PASS">
          <reporter-output>
          </reporter-output>
        </test-method> <!-- print -->
        <test-method signature="selbrowlaunch()[pri:0, instance:basicTest.PrintProgram@791f145a]" started-at="2022-08-04T16:53:32 CEST" name="selbrowlaunch" finished-at="2022-08-04T16:53:41 CEST" duration-ms="8387" status="PASS">
          <reporter-output>
          </reporter-output>
        </test-method> <!-- selbrowlaunch -->
      </class> <!-- basicTest.PrintProgram -->
    </test> <!-- Test -->
  </suite> <!-- Suite -->
</testng-results>
